<?xml version="1.0" encoding="UTF-8"?>
<testsuite xmlns:xsi="http://www.w3.org/2001/XMLSchema-instance" xsi:noNamespaceSchemaLocation="https://maven.apache.org/surefire/maven-surefire-plugin/xsd/surefire-test-report.xsd" version="3.0.2" name="com.ai.gt.GtApplicationTests" time="2.719" tests="1" errors="0" skipped="0" failures="0">
  <properties>
[...]
</properties>
  <testcase name="contextLoads" classname="com.ai.gt.GtApplicationTests" time="0.731">
    <system-out><![CDATA[18:25:42.043 [main] INFO org.springframework.test.context.support.AnnotationConfigContextLoaderUtils -- Could not detect default configuration classes for test class [com.ai.gt.GtApplicationTests]: GtApplicationTests does not declare any static, non-private, non-final, nested classes annotated with @Configuration.
18:25:42.155 [main] INFO org.springframework.boot.test.context.SpringBootTestContextBootstrapper -- Found @SpringBootConfiguration com.ai.gt.GtApplication for test class com.ai.gt.GtApplicationTests
18:25:42.297 [main] INFO org.springframework.boot.devtools.restart.RestartApplicationListener -- Restart disabled due to context in which it is running

  .   ____          _            __ _ _
 /\\ / ___'_ __ _ _(_)_ __  __ _ \ \ \ \
( ( )\___ | '_ | '_| | '_ \/ _` | \ \ \ \
 \\/  ___)| |_)| | | | | || (_| |  ) ) ) )
  '  |____| .__|_| |_|_| |_\__, | / / / /
 =========|_|==============|___/=/_/_/_/

 :: Spring Boot ::                (v3.4.3)

2025-02-21T18:25:42.595+05:30  INFO 6832 --- [gt] [           main] com.ai.gt.GtApplicationTests             : Starting GtApplicationTests using Java 23.0.1 with PID 6832 (started by VMLab in C:\gurpreet\ai\gt\gt)
2025-02-21T18:25:42.595+05:30  INFO 6832 --- [gt] [           main] com.ai.gt.GtApplicationTests             : No active profile set, falling back to 1 default profile: "default"
2025-02-21T18:25:43.842+05:30  INFO 6832 --- [gt] [           main] com.ai.gt.GtApplicationTests             : Started GtApplicationTests in 1.561 seconds (process running for 2.739)
]]></system-out>
    <system-err><![CDATA[Mockito is currently self-attaching to enable the inline-mock-maker. This will no longer work in future releases of the JDK. Please add Mockito as an agent to your build what is described in Mockito's documentation: https://javadoc.io/doc/org.mockito/mockito-core/latest/org/mockito/Mockito.html#0.3
WARNING: A Java agent has been loaded dynamically (C:\Users\VMLab\.m2\repository\net\bytebuddy\byte-buddy-agent\1.15.11\byte-buddy-agent-1.15.11.jar)
WARNING: If a serviceability tool is in use, please run with -XX:+EnableDynamicAgentLoading to hide this warning
WARNING: If a serviceability tool is not in use, please run with -Djdk.instrument.traceUsage for more information
WARNING: Dynamic loading of agents will be disallowed by default in a future release
]]></system-err>
  </testcase>
</testsuite>